<?xml version="1.0" encoding="UTF-8"?>
<testsuite xmlns:xsi="http://www.w3.org/2001/XMLSchema-instance" xsi:noNamespaceSchemaLocation="https://maven.apache.org/surefire/maven-surefire-plugin/xsd/surefire-test-report.xsd" name="facades.FacadeExampleTest" time="4.485" tests="3" errors="0" skipped="0" failures="0">
  <properties>
[...]
</properties>
  <testcase name="testGetCustomerByID" classname="facades.FacadeExampleTest" time="0.171"/>
  <testcase name="testFindByName" classname="facades.FacadeExampleTest" time="0.404"/>
  <testcase name="testGetAllEmployee" classname="facades.FacadeExampleTest" time="0.039"/>
</testsuite>